{
  "RSpec": {
    "coverage": {
      "/Users/parth/Documents/Workspace/ESaaS/Jarvis/app/models/business.rb": {
        "lines": [
          1,
          1,
          9,
          9,
          9,
          9,
          null,
          null,
          null,
          null,
          1,
          4,
          null,
          null,
          1,
          null,
          null,
          2,
          2,
          null,
          null,
          null,
          null,
          null,
          null,
          1,
          null,
          null,
          2,
          null,
          2,
          2,
          null,
          null,
          null,
          null,
          null,
          null,
          1,
          2,
          2,
          2,
          2,
          null,
          null,
          null,
          null,
          null
        ]
      },
      "/Users/parth/Documents/Workspace/ESaaS/Jarvis/spec/models/user_spec.rb": {
        "lines": [
          1,
          null,
          1,
          1,
          null,
          1,
          1,
          null,
          null,
          1,
          1,
          1,
          6,
          6,
          null,
          null,
          null,
          null,
          1,
          null,
          1,
          null,
          16,
          null,
          null,
          null,
          null,
          null,
          null,
          null,
          null,
          null,
          1,
          1,
          null,
          null,
          1,
          6,
          6,
          6,
          null,
          null,
          null,
          1,
          6,
          6,
          6,
          6,
          6,
          6,
          null,
          null,
          null,
          1,
          1,
          1,
          1,
          1,
          null,
          null,
          1,
          1,
          1,
          1,
          1,
          null,
          null,
          1,
          1,
          1,
          1,
          1,
          null,
          null,
          null
        ]
      },
      "/Users/parth/Documents/Workspace/ESaaS/Jarvis/spec/requests/businesses_spec.rb": {
        "lines": [
          1,
          null,
          1,
          1,
          1,
          1,
          1,
          1,
          null,
          null,
          1,
          1,
          1,
          1,
          1,
          1,
          1,
          null,
          1,
          1,
          1,
          null,
          null,
          1,
          1,
          1,
          null,
          1,
          1,
          1,
          1,
          null,
          null,
          null
        ]
      },
      "/Users/parth/Documents/Workspace/ESaaS/Jarvis/spec/requests/users_spec.rb": {
        "lines": [
          1,
          null,
          1,
          null,
          1,
          null,
          1,
          1,
          null,
          null,
          null,
          null,
          1,
          1,
          null,
          null,
          null,
          1,
          1,
          null,
          5,
          null,
          null,
          null,
          null,
          null,
          null,
          null,
          5,
          null,
          null,
          null,
          null,
          null,
          null,
          null,
          null,
          null,
          1,
          1,
          1,
          1,
          null,
          null,
          1,
          1,
          1,
          1,
          null,
          null,
          1,
          null,
          1,
          null,
          1,
          null,
          null,
          null,
          null,
          null,
          1,
          1,
          1,
          null,
          null,
          1,
          null,
          1,
          null,
          null,
          null,
          null,
          null,
          null,
          null,
          1,
          1,
          1,
          null,
          null,
          1,
          null,
          1,
          null,
          null,
          null,
          null,
          null,
          1,
          1,
          null,
          null,
          null,
          null
        ]
      },
      "/Users/parth/Documents/Workspace/ESaaS/Jarvis/app/models/review.rb": {
        "lines": [
          1,
          1,
          1,
          null,
          1,
          1,
          null,
          null,
          1,
          1,
          null,
          null
        ]
      },
      "/Users/parth/Documents/Workspace/ESaaS/Jarvis/app/controllers/users_controller.rb": {
        "lines": [
          null,
          1,
          null,
          1,
          0,
          null,
          null,
          1,
          null,
          5,
          1,
          1,
          1,
          null,
          4,
          4,
          4,
          2,
          2,
          null,
          2,
          2,
          1,
          null,
          1,
          null,
          null,
          null,
          null,
          null,
          1,
          1,
          1,
          1,
          null,
          null,
          1,
          null,
          1,
          5,
          5,
          null,
          null
        ]
      }
    },
    "timestamp": 1637200458
  }
}
